<?xml version="1.0" encoding="UTF-8"?>
<!-- Generated by org.testng.reporters.JUnitReportReporter -->
<testsuite hostname="Kris-Laptop" name="agencyTest.FlightBookingTest" tests="1" failures="0" timestamp="17 Nov 2017 12:29:48 GMT" time="16.037" errors="0">
  <testcase name="testThatResultsAppearForAOneWayJourney" time="16.037" classname="agencyTest.FlightBookingTest"/>
</testsuite> <!-- agencyTest.FlightBookingTest -->
