<?xml version="1.0" encoding="UTF-8"?>
<!-- Generated by org.testng.reporters.JUnitReportReporter -->
<testsuite hostname="Kris-Laptop" name="agencyTest.AgencyTest" tests="1" failures="0" timestamp="30 Oct 2017 05:22:45 GMT" time="0.001" errors="1">
  <testcase name="PatientCreate" time="0.001" classname="agencyTest.AgencyTest">
    <error type="org.openqa.selenium.WebDriverException" message="Failed to connect to binary FirefoxBinary(C:\Program Files (x86)\Mozilla Firefox\firefox.exe) on port 7055; process output follows: 
6818webdriver-profile\\extensions\\fxdriver@googlecode.com&quot;,&quot;e&quot;:false,&quot;v&quot;:&quot;2.45.0&quot;,&quot;st&quot;:1509340918269,&quot;mt&quot;:1509340918248}},&quot;app-system-defaults&quot;:{&quot;e10srollout@mozilla.org&quot;:{&quot;d&quot;:&quot;C:\\Program Files (x86)\\Mozilla Firefox\\browser\\features\\e10srollout@mozilla.org.xpi&quot;,&quot;e&quot;:true,&quot;v&quot;:&quot;1.0&quot;,&quot;st&quot;:1461279552000},&quot;firefox@getpocket.com&quot;:{&quot;d&quot;:&quot;C:\\Program Files (x86)\\Mozilla Firefox\\browser\\features\\firefox@getpocket.com.xpi&quot;,&quot;e&quot;:true,&quot;v&quot;:&quot;1.0&quot;,&quot;st&quot;:1461279552000},&quot;loop@mozilla.org&quot;:{&quot;d&quot;:&quot;C:\\Program Files (x86)\\Mozilla Firefox\\browser\\features\\loop@mozilla.org.xpi&quot;,&quot;e&quot;:true,&quot;v&quot;:&quot;1.2.6&quot;,&quot;st&quot;:1461279552000}},&quot;app-global&quot;:{&quot;{972ce4c6-7e08-4474-a285-3208198ce6fd}&quot;:{&quot;d&quot;:&quot;C:\\Program Files (x86)\\Mozilla Firefox\\browser\\extensions\\{972ce4c6-7e08-4474-a285-3208198ce6fd}.xpi&quot;,&quot;e&quot;:true,&quot;v&quot;:&quot;46.0&quot;,&quot;st&quot;:1461279552000}},&quot;winreg-app-global&quot;:{&quot;{4ED1F68A-5463-4931-9384-8FFF5ED91D92}&quot;:{&quot;d&quot;:&quot;C:\\Program Files (x86)\\McAfee\\SiteAdvisor\\saffplg.xpi&quot;,&quot;e&quot;:false,&quot;v&quot;:&quot;5.0.559.0&quot;,&quot;st&quot;:1506420896516}}}
1509340920008	addons.xpi	DEBUG	No changes found
1509340920014	addons.xpi	DEBUG	Registering manifest for C:\Program Files (x86)\Mozilla Firefox\browser\features\e10srollout@mozilla.org.xpi
1509340920015	addons.xpi	DEBUG	Loading bootstrap scope from C:\Program Files (x86)\Mozilla Firefox\browser\features\e10srollout@mozilla.org.xpi
1509340920024	addons.xpi	DEBUG	Calling bootstrap method startup on e10srollout@mozilla.org version 1.0
1509340920025	addons.xpi	DEBUG	Registering manifest for C:\Program Files (x86)\Mozilla Firefox\browser\features\firefox@getpocket.com.xpi
1509340920025	addons.xpi	DEBUG	Loading bootstrap scope from C:\Program Files (x86)\Mozilla Firefox\browser\features\firefox@getpocket.com.xpi
1509340920029	addons.xpi	DEBUG	Calling bootstrap method startup on firefox@getpocket.com version 1.0
1509340920035	addons.xpi-utils	DEBUG	Starting async load of XPI database C:\Users\KRISM~1\AppData\Local\Temp\anonymous5090433282260106818webdriver-profile\extensions.json
1509340920035	addons.xpi	DEBUG	Registering manifest for C:\Program Files (x86)\Mozilla Firefox\browser\features\loop@mozilla.org.xpi
1509340920036	addons.xpi	DEBUG	Loading bootstrap scope from C:\Program Files (x86)\Mozilla Firefox\browser\features\loop@mozilla.org.xpi
1509340920040	addons.xpi	DEBUG	Calling bootstrap method startup on loop@mozilla.org version 1.2.6
1509340920057	addons.manager	DEBUG	Registering shutdown blocker for XPIProvider
1509340920057	addons.manager	DEBUG	Provider finished startup: XPIProvider
1509340920057	addons.manager	DEBUG	Starting provider: LightweightThemeManager
1509340920057	addons.manager	DEBUG	Registering shutdown blocker for LightweightThemeManager
1509340920057	addons.manager	DEBUG	Provider finished startup: LightweightThemeManager
1509340920057	addons.manager	DEBUG	Starting provider: GMPProvider
1509340920062	addons.manager	DEBUG	Registering shutdown blocker for GMPProvider
1509340920063	addons.manager	DEBUG	Provider finished startup: GMPProvider
1509340920063	addons.manager	DEBUG	Starting provider: PluginProvider
1509340920063	addons.manager	DEBUG	Registering shutdown blocker for PluginProvider
1509340920063	addons.manager	DEBUG	Provider finished startup: PluginProvider
1509340920063	addons.manager	DEBUG	Completed startup sequence
1509340920302	addons.xpi-utils	DEBUG	Async JSON file read took 0 MS
1509340920302	addons.xpi-utils	DEBUG	Finished async read of XPI database, parsing...
1509340920304	addons.xpi-utils	DEBUG	Successfully read XPI database
1509340920317	addons.manager	DEBUG	Starting provider: &lt;unnamed-provider&gt;
1509340920317	addons.manager	DEBUG	Registering shutdown blocker for &lt;unnamed-provider&gt;
1509340920317	addons.manager	DEBUG	Provider finished startup: &lt;unnamed-provider&gt;
*** Blocklist::_loadBlocklistFromFile: blocklist is disabled
1509340920419	addons.manager	DEBUG	Starting provider: PreviousExperimentProvider
1509340920419	addons.manager	DEBUG	Registering shutdown blocker for PreviousExperimentProvider
1509340920419	addons.manager	DEBUG	Provider finished startup: PreviousExperimentProvider

Build info: version: &#039;2.45.0&#039;, revision: &#039;5017cb8e7ca8e37638dc3091b2440b90a1d8686f&#039;, time: &#039;2015-02-27 09:10:26&#039;
System info: host: &#039;Kris-Laptop&#039;, ip: &#039;192.168.0.4&#039;, os.name: &#039;Windows 8.1&#039;, os.arch: &#039;amd64&#039;, os.version: &#039;6.3&#039;, java.version: &#039;1.8.0_101&#039;
Driver info: driver.version: Driver">
      <![CDATA[org.openqa.selenium.WebDriverException: Failed to connect to binary FirefoxBinary(C:\Program Files (x86)\Mozilla Firefox\firefox.exe) on port 7055; process output follows: 
6818webdriver-profile\\extensions\\fxdriver@googlecode.com","e":false,"v":"2.45.0","st":1509340918269,"mt":1509340918248}},"app-system-defaults":{"e10srollout@mozilla.org":{"d":"C:\\Program Files (x86)\\Mozilla Firefox\\browser\\features\\e10srollout@mozilla.org.xpi","e":true,"v":"1.0","st":1461279552000},"firefox@getpocket.com":{"d":"C:\\Program Files (x86)\\Mozilla Firefox\\browser\\features\\firefox@getpocket.com.xpi","e":true,"v":"1.0","st":1461279552000},"loop@mozilla.org":{"d":"C:\\Program Files (x86)\\Mozilla Firefox\\browser\\features\\loop@mozilla.org.xpi","e":true,"v":"1.2.6","st":1461279552000}},"app-global":{"{972ce4c6-7e08-4474-a285-3208198ce6fd}":{"d":"C:\\Program Files (x86)\\Mozilla Firefox\\browser\\extensions\\{972ce4c6-7e08-4474-a285-3208198ce6fd}.xpi","e":true,"v":"46.0","st":1461279552000}},"winreg-app-global":{"{4ED1F68A-5463-4931-9384-8FFF5ED91D92}":{"d":"C:\\Program Files (x86)\\McAfee\\SiteAdvisor\\saffplg.xpi","e":false,"v":"5.0.559.0","st":1506420896516}}}
1509340920008	addons.xpi	DEBUG	No changes found
1509340920014	addons.xpi	DEBUG	Registering manifest for C:\Program Files (x86)\Mozilla Firefox\browser\features\e10srollout@mozilla.org.xpi
1509340920015	addons.xpi	DEBUG	Loading bootstrap scope from C:\Program Files (x86)\Mozilla Firefox\browser\features\e10srollout@mozilla.org.xpi
1509340920024	addons.xpi	DEBUG	Calling bootstrap method startup on e10srollout@mozilla.org version 1.0
1509340920025	addons.xpi	DEBUG	Registering manifest for C:\Program Files (x86)\Mozilla Firefox\browser\features\firefox@getpocket.com.xpi
1509340920025	addons.xpi	DEBUG	Loading bootstrap scope from C:\Program Files (x86)\Mozilla Firefox\browser\features\firefox@getpocket.com.xpi
1509340920029	addons.xpi	DEBUG	Calling bootstrap method startup on firefox@getpocket.com version 1.0
1509340920035	addons.xpi-utils	DEBUG	Starting async load of XPI database C:\Users\KRISM~1\AppData\Local\Temp\anonymous5090433282260106818webdriver-profile\extensions.json
1509340920035	addons.xpi	DEBUG	Registering manifest for C:\Program Files (x86)\Mozilla Firefox\browser\features\loop@mozilla.org.xpi
1509340920036	addons.xpi	DEBUG	Loading bootstrap scope from C:\Program Files (x86)\Mozilla Firefox\browser\features\loop@mozilla.org.xpi
1509340920040	addons.xpi	DEBUG	Calling bootstrap method startup on loop@mozilla.org version 1.2.6
1509340920057	addons.manager	DEBUG	Registering shutdown blocker for XPIProvider
1509340920057	addons.manager	DEBUG	Provider finished startup: XPIProvider
1509340920057	addons.manager	DEBUG	Starting provider: LightweightThemeManager
1509340920057	addons.manager	DEBUG	Registering shutdown blocker for LightweightThemeManager
1509340920057	addons.manager	DEBUG	Provider finished startup: LightweightThemeManager
1509340920057	addons.manager	DEBUG	Starting provider: GMPProvider
1509340920062	addons.manager	DEBUG	Registering shutdown blocker for GMPProvider
1509340920063	addons.manager	DEBUG	Provider finished startup: GMPProvider
1509340920063	addons.manager	DEBUG	Starting provider: PluginProvider
1509340920063	addons.manager	DEBUG	Registering shutdown blocker for PluginProvider
1509340920063	addons.manager	DEBUG	Provider finished startup: PluginProvider
1509340920063	addons.manager	DEBUG	Completed startup sequence
1509340920302	addons.xpi-utils	DEBUG	Async JSON file read took 0 MS
1509340920302	addons.xpi-utils	DEBUG	Finished async read of XPI database, parsing...
1509340920304	addons.xpi-utils	DEBUG	Successfully read XPI database
1509340920317	addons.manager	DEBUG	Starting provider: <unnamed-provider>
1509340920317	addons.manager	DEBUG	Registering shutdown blocker for <unnamed-provider>
1509340920317	addons.manager	DEBUG	Provider finished startup: <unnamed-provider>
*** Blocklist::_loadBlocklistFromFile: blocklist is disabled
1509340920419	addons.manager	DEBUG	Starting provider: PreviousExperimentProvider
1509340920419	addons.manager	DEBUG	Registering shutdown blocker for PreviousExperimentProvider
1509340920419	addons.manager	DEBUG	Provider finished startup: PreviousExperimentProvider

Build info: version: '2.45.0', revision: '5017cb8e7ca8e37638dc3091b2440b90a1d8686f', time: '2015-02-27 09:10:26'
System info: host: 'Kris-Laptop', ip: '192.168.0.4', os.name: 'Windows 8.1', os.arch: 'amd64', os.version: '6.3', java.version: '1.8.0_101'
Driver info: driver.version: Driver
	at org.openqa.selenium.firefox.internal.NewProfileExtensionConnection.start(NewProfileExtensionConnection.java:130)
	at org.openqa.selenium.firefox.FirefoxDriver.startClient(FirefoxDriver.java:246)
	at org.openqa.selenium.remote.RemoteWebDriver.<init>(RemoteWebDriver.java:114)
	at org.openqa.selenium.firefox.FirefoxDriver.<init>(FirefoxDriver.java:191)
	at org.openqa.selenium.firefox.FirefoxDriver.<init>(FirefoxDriver.java:186)
	at org.openqa.selenium.firefox.FirefoxDriver.<init>(FirefoxDriver.java:103)
	at agencyGenericLib.Driver.getBrowser(Driver.java:38)
	at agencyTest.AgencyTest.configBeforClass(AgencyTest.java:73)
	at sun.reflect.NativeMethodAccessorImpl.invoke0(Native Method)
	at sun.reflect.NativeMethodAccessorImpl.invoke(NativeMethodAccessorImpl.java:62)
	at sun.reflect.DelegatingMethodAccessorImpl.invoke(DelegatingMethodAccessorImpl.java:43)
	at java.lang.reflect.Method.invoke(Method.java:498)
	at org.testng.internal.MethodInvocationHelper.invokeMethod(MethodInvocationHelper.java:85)
	at org.testng.internal.Invoker.invokeConfigurationMethod(Invoker.java:510)
	at org.testng.internal.Invoker.invokeConfigurations(Invoker.java:211)
	at org.testng.internal.Invoker.invokeConfigurations(Invoker.java:138)
	at org.testng.internal.TestMethodWorker.invokeBeforeClassMethods(TestMethodWorker.java:170)
	at org.testng.internal.TestMethodWorker.run(TestMethodWorker.java:104)
	at org.testng.TestRunner.privateRun(TestRunner.java:774)
	at org.testng.TestRunner.run(TestRunner.java:624)
	at org.testng.SuiteRunner.runTest(SuiteRunner.java:359)
	at org.testng.SuiteRunner.runSequentially(SuiteRunner.java:354)
	at org.testng.SuiteRunner.privateRun(SuiteRunner.java:312)
	at org.testng.SuiteRunner.run(SuiteRunner.java:261)
	at org.testng.SuiteRunnerWorker.runSuite(SuiteRunnerWorker.java:52)
	at org.testng.SuiteRunnerWorker.run(SuiteRunnerWorker.java:86)
	at org.testng.TestNG.runSuitesSequentially(TestNG.java:1215)
	at org.testng.TestNG.runSuitesLocally(TestNG.java:1140)
	at org.testng.TestNG.run(TestNG.java:1048)
	at org.testng.remote.AbstractRemoteTestNG.run(AbstractRemoteTestNG.java:132)
	at org.testng.remote.RemoteTestNG.initAndRun(RemoteTestNG.java:230)
	at org.testng.remote.RemoteTestNG.main(RemoteTestNG.java:76)
Caused by: org.openqa.selenium.firefox.NotConnectedException: Unable to connect to host 127.0.0.1 on port 7055 after 45000 ms. Firefox console output:
6818webdriver-profile\\extensions\\fxdriver@googlecode.com","e":false,"v":"2.45.0","st":1509340918269,"mt":1509340918248}},"app-system-defaults":{"e10srollout@mozilla.org":{"d":"C:\\Program Files (x86)\\Mozilla Firefox\\browser\\features\\e10srollout@mozilla.org.xpi","e":true,"v":"1.0","st":1461279552000},"firefox@getpocket.com":{"d":"C:\\Program Files (x86)\\Mozilla Firefox\\browser\\features\\firefox@getpocket.com.xpi","e":true,"v":"1.0","st":1461279552000},"loop@mozilla.org":{"d":"C:\\Program Files (x86)\\Mozilla Firefox\\browser\\features\\loop@mozilla.org.xpi","e":true,"v":"1.2.6","st":1461279552000}},"app-global":{"{972ce4c6-7e08-4474-a285-3208198ce6fd}":{"d":"C:\\Program Files (x86)\\Mozilla Firefox\\browser\\extensions\\{972ce4c6-7e08-4474-a285-3208198ce6fd}.xpi","e":true,"v":"46.0","st":1461279552000}},"winreg-app-global":{"{4ED1F68A-5463-4931-9384-8FFF5ED91D92}":{"d":"C:\\Program Files (x86)\\McAfee\\SiteAdvisor\\saffplg.xpi","e":false,"v":"5.0.559.0","st":1506420896516}}}
1509340920008	addons.xpi	DEBUG	No changes found
1509340920014	addons.xpi	DEBUG	Registering manifest for C:\Program Files (x86)\Mozilla Firefox\browser\features\e10srollout@mozilla.org.xpi
1509340920015	addons.xpi	DEBUG	Loading bootstrap scope from C:\Program Files (x86)\Mozilla Firefox\browser\features\e10srollout@mozilla.org.xpi
1509340920024	addons.xpi	DEBUG	Calling bootstrap method startup on e10srollout@mozilla.org version 1.0
1509340920025	addons.xpi	DEBUG	Registering manifest for C:\Program Files (x86)\Mozilla Firefox\browser\features\firefox@getpocket.com.xpi
1509340920025	addons.xpi	DEBUG	Loading bootstrap scope from C:\Program Files (x86)\Mozilla Firefox\browser\features\firefox@getpocket.com.xpi
1509340920029	addons.xpi	DEBUG	Calling bootstrap method startup on firefox@getpocket.com version 1.0
1509340920035	addons.xpi-utils	DEBUG	Starting async load of XPI database C:\Users\KRISM~1\AppData\Local\Temp\anonymous5090433282260106818webdriver-profile\extensions.json
1509340920035	addons.xpi	DEBUG	Registering manifest for C:\Program Files (x86)\Mozilla Firefox\browser\features\loop@mozilla.org.xpi
1509340920036	addons.xpi	DEBUG	Loading bootstrap scope from C:\Program Files (x86)\Mozilla Firefox\browser\features\loop@mozilla.org.xpi
1509340920040	addons.xpi	DEBUG	Calling bootstrap method startup on loop@mozilla.org version 1.2.6
1509340920057	addons.manager	DEBUG	Registering shutdown blocker for XPIProvider
1509340920057	addons.manager	DEBUG	Provider finished startup: XPIProvider
1509340920057	addons.manager	DEBUG	Starting provider: LightweightThemeManager
1509340920057	addons.manager	DEBUG	Registering shutdown blocker for LightweightThemeManager
1509340920057	addons.manager	DEBUG	Provider finished startup: LightweightThemeManager
1509340920057	addons.manager	DEBUG	Starting provider: GMPProvider
1509340920062	addons.manager	DEBUG	Registering shutdown blocker for GMPProvider
1509340920063	addons.manager	DEBUG	Provider finished startup: GMPProvider
1509340920063	addons.manager	DEBUG	Starting provider: PluginProvider
1509340920063	addons.manager	DEBUG	Registering shutdown blocker for PluginProvider
1509340920063	addons.manager	DEBUG	Provider finished startup: PluginProvider
1509340920063	addons.manager	DEBUG	Completed startup sequence
1509340920302	addons.xpi-utils	DEBUG	Async JSON file read took 0 MS
1509340920302	addons.xpi-utils	DEBUG	Finished async read of XPI database, parsing...
1509340920304	addons.xpi-utils	DEBUG	Successfully read XPI database
1509340920317	addons.manager	DEBUG	Starting provider: <unnamed-provider>
1509340920317	addons.manager	DEBUG	Registering shutdown blocker for <unnamed-provider>
1509340920317	addons.manager	DEBUG	Provider finished startup: <unnamed-provider>
*** Blocklist::_loadBlocklistFromFile: blocklist is disabled
1509340920419	addons.manager	DEBUG	Starting provider: PreviousExperimentProvider
1509340920419	addons.manager	DEBUG	Registering shutdown blocker for PreviousExperimentProvider
1509340920419	addons.manager	DEBUG	Provider finished startup: PreviousExperimentProvider

	at org.openqa.selenium.firefox.internal.NewProfileExtensionConnection.start(NewProfileExtensionConnection.java:118)
	... 31 more
]]>
    </error>
  </testcase> <!-- PatientCreate -->
</testsuite> <!-- agencyTest.AgencyTest -->
