<?xml version="1.0" encoding="UTF-8"?>
<!-- Generated by org.testng.reporters.JUnitReportReporter -->
<testsuite hostname="Kris-Laptop" name="example.NewTest" tests="1" failures="1" timestamp="18 Oct 2017 15:57:37 GMT" time="0.002" errors="0">
  <testcase name="testEasy" time="0.002" classname="example.NewTest">
    <failure type="org.openqa.selenium.WebDriverException" message="Failed to connect to binary FirefoxBinary(C:\Program Files (x86)\Mozilla Firefox\firefox.exe) on port 7055; process output follows: 
	DEBUG	Successfully read XPI database
1508342212891	DeferredSave.webext.sc.lz4	DEBUG	Save changes
1508342212891	DeferredSave.webext.sc.lz4	DEBUG	Starting timer
1508342212909	DeferredSave.webext.sc.lz4	DEBUG	Save changes
1508342212916	DeferredSave.webext.sc.lz4	DEBUG	Save changes
1508342212917	DeferredSave.webext.sc.lz4	DEBUG	Save changes
1508342212919	DeferredSave.webext.sc.lz4	DEBUG	Save changes
1508342212921	DeferredSave.webext.sc.lz4	DEBUG	Save changes
1508342212923	DeferredSave.webext.sc.lz4	DEBUG	Save changes
1508342212924	DeferredSave.webext.sc.lz4	DEBUG	Save changes
1508342212927	DeferredSave.webext.sc.lz4	DEBUG	Save changes
1508342212929	DeferredSave.webext.sc.lz4	DEBUG	Save changes
1508342212931	DeferredSave.webext.sc.lz4	DEBUG	Save changes
1508342212932	DeferredSave.webext.sc.lz4	DEBUG	Save changes
1508342212934	DeferredSave.webext.sc.lz4	DEBUG	Save changes
1508342212934	DeferredSave.webext.sc.lz4	DEBUG	Save changes
1508342212935	DeferredSave.webext.sc.lz4	DEBUG	Save changes
1508342212936	DeferredSave.webext.sc.lz4	DEBUG	Save changes
1508342212938	DeferredSave.webext.sc.lz4	DEBUG	Save changes
1508342212939	DeferredSave.webext.sc.lz4	DEBUG	Save changes
1508342212940	DeferredSave.webext.sc.lz4	DEBUG	Save changes
1508342212940	DeferredSave.webext.sc.lz4	DEBUG	Save changes
1508342212941	DeferredSave.webext.sc.lz4	DEBUG	Save changes
1508342212942	DeferredSave.webext.sc.lz4	DEBUG	Save changes
1508342212944	DeferredSave.webext.sc.lz4	DEBUG	Save changes
1508342212945	DeferredSave.webext.sc.lz4	DEBUG	Save changes
1508342212946	DeferredSave.webext.sc.lz4	DEBUG	Save changes
1508342212947	DeferredSave.webext.sc.lz4	DEBUG	Save changes
1508342212947	DeferredSave.webext.sc.lz4	DEBUG	Save changes
1508342212948	DeferredSave.webext.sc.lz4	DEBUG	Save changes
1508342212948	DeferredSave.webext.sc.lz4	DEBUG	Save changes
1508342212949	DeferredSave.webext.sc.lz4	DEBUG	Save changes
1508342212950	DeferredSave.webext.sc.lz4	DEBUG	Save changes
1508342212951	DeferredSave.webext.sc.lz4	DEBUG	Save changes
1508342212951	DeferredSave.webext.sc.lz4	DEBUG	Save changes
1508342212952	DeferredSave.webext.sc.lz4	DEBUG	Save changes
1508342212953	DeferredSave.webext.sc.lz4	DEBUG	Save changes
1508342212953	DeferredSave.webext.sc.lz4	DEBUG	Save changes
1508342212954	DeferredSave.webext.sc.lz4	DEBUG	Save changes
1508342212955	DeferredSave.webext.sc.lz4	DEBUG	Save changes
1508342212955	DeferredSave.webext.sc.lz4	DEBUG	Save changes
1508342212956	DeferredSave.webext.sc.lz4	DEBUG	Save changes
1508342212957	DeferredSave.webext.sc.lz4	DEBUG	Save changes
1508342212957	DeferredSave.webext.sc.lz4	DEBUG	Save changes
1508342212958	DeferredSave.webext.sc.lz4	DEBUG	Save changes
1508342212959	DeferredSave.webext.sc.lz4	DEBUG	Save changes
1508342212959	DeferredSave.webext.sc.lz4	DEBUG	Save changes
1508342212961	DeferredSave.webext.sc.lz4	DEBUG	Save changes
1508342212963	DeferredSave.webext.sc.lz4	DEBUG	Save changes
1508342212964	DeferredSave.webext.sc.lz4	DEBUG	Save changes
1508342212965	DeferredSave.webext.sc.lz4	DEBUG	Save changes
1508342212969	DeferredSave.webext.sc.lz4	DEBUG	Save changes
1508342212980	DeferredSave.webext.sc.lz4	DEBUG	Save changes
1508342213004	DeferredSave.webext.sc.lz4	DEBUG	Save changes
1508342213134	addons.productaddons	INFO	sending request to: https://aus5.mozilla.org/update/3/GMP/56.0.1/20171002220106/WINNT_x86_64-msvc-x64/en-US/release/Windows_NT%206.3.0.0%20(x64)/default/default/update.xml
1508342214063	addons.productaddons	INFO	Completed downloading document
1508342214230	addons.productaddons	INFO	downloadXHR File download. status=200
1508342214237	addons.productaddons	INFO	Downloaded file will be saved to C:\Users\KRISM~1\AppData\Local\Temp\tmpaddon-f168c8
1508342215747	addons.productaddons	INFO	downloadXHR File download. status=200
1508342215750	addons.productaddons	INFO	Downloaded file will be saved to C:\Users\KRISM~1\AppData\Local\Temp\tmpaddon-49d385
1508342217898	DeferredSave.webext.sc.lz4	DEBUG	Starting write
1508342217905	DeferredSave.webext.sc.lz4	DEBUG	Write succeeded

Build info: version: &#039;2.45.0&#039;, revision: &#039;5017cb8e7ca8e37638dc3091b2440b90a1d8686f&#039;, time: &#039;2015-02-27 09:10:26&#039;
System info: host: &#039;Kris-Laptop&#039;, ip: &#039;192.168.1.2&#039;, os.name: &#039;Windows 8.1&#039;, os.arch: &#039;amd64&#039;, os.version: &#039;6.3&#039;, java.version: &#039;1.8.0_101&#039;
Driver info: driver.version: FirefoxDriver">
      <![CDATA[org.openqa.selenium.WebDriverException: Failed to connect to binary FirefoxBinary(C:\Program Files (x86)\Mozilla Firefox\firefox.exe) on port 7055; process output follows: 
	DEBUG	Successfully read XPI database
1508342212891	DeferredSave.webext.sc.lz4	DEBUG	Save changes
1508342212891	DeferredSave.webext.sc.lz4	DEBUG	Starting timer
1508342212909	DeferredSave.webext.sc.lz4	DEBUG	Save changes
1508342212916	DeferredSave.webext.sc.lz4	DEBUG	Save changes
1508342212917	DeferredSave.webext.sc.lz4	DEBUG	Save changes
1508342212919	DeferredSave.webext.sc.lz4	DEBUG	Save changes
1508342212921	DeferredSave.webext.sc.lz4	DEBUG	Save changes
1508342212923	DeferredSave.webext.sc.lz4	DEBUG	Save changes
1508342212924	DeferredSave.webext.sc.lz4	DEBUG	Save changes
1508342212927	DeferredSave.webext.sc.lz4	DEBUG	Save changes
1508342212929	DeferredSave.webext.sc.lz4	DEBUG	Save changes
1508342212931	DeferredSave.webext.sc.lz4	DEBUG	Save changes
1508342212932	DeferredSave.webext.sc.lz4	DEBUG	Save changes
1508342212934	DeferredSave.webext.sc.lz4	DEBUG	Save changes
1508342212934	DeferredSave.webext.sc.lz4	DEBUG	Save changes
1508342212935	DeferredSave.webext.sc.lz4	DEBUG	Save changes
1508342212936	DeferredSave.webext.sc.lz4	DEBUG	Save changes
1508342212938	DeferredSave.webext.sc.lz4	DEBUG	Save changes
1508342212939	DeferredSave.webext.sc.lz4	DEBUG	Save changes
1508342212940	DeferredSave.webext.sc.lz4	DEBUG	Save changes
1508342212940	DeferredSave.webext.sc.lz4	DEBUG	Save changes
1508342212941	DeferredSave.webext.sc.lz4	DEBUG	Save changes
1508342212942	DeferredSave.webext.sc.lz4	DEBUG	Save changes
1508342212944	DeferredSave.webext.sc.lz4	DEBUG	Save changes
1508342212945	DeferredSave.webext.sc.lz4	DEBUG	Save changes
1508342212946	DeferredSave.webext.sc.lz4	DEBUG	Save changes
1508342212947	DeferredSave.webext.sc.lz4	DEBUG	Save changes
1508342212947	DeferredSave.webext.sc.lz4	DEBUG	Save changes
1508342212948	DeferredSave.webext.sc.lz4	DEBUG	Save changes
1508342212948	DeferredSave.webext.sc.lz4	DEBUG	Save changes
1508342212949	DeferredSave.webext.sc.lz4	DEBUG	Save changes
1508342212950	DeferredSave.webext.sc.lz4	DEBUG	Save changes
1508342212951	DeferredSave.webext.sc.lz4	DEBUG	Save changes
1508342212951	DeferredSave.webext.sc.lz4	DEBUG	Save changes
1508342212952	DeferredSave.webext.sc.lz4	DEBUG	Save changes
1508342212953	DeferredSave.webext.sc.lz4	DEBUG	Save changes
1508342212953	DeferredSave.webext.sc.lz4	DEBUG	Save changes
1508342212954	DeferredSave.webext.sc.lz4	DEBUG	Save changes
1508342212955	DeferredSave.webext.sc.lz4	DEBUG	Save changes
1508342212955	DeferredSave.webext.sc.lz4	DEBUG	Save changes
1508342212956	DeferredSave.webext.sc.lz4	DEBUG	Save changes
1508342212957	DeferredSave.webext.sc.lz4	DEBUG	Save changes
1508342212957	DeferredSave.webext.sc.lz4	DEBUG	Save changes
1508342212958	DeferredSave.webext.sc.lz4	DEBUG	Save changes
1508342212959	DeferredSave.webext.sc.lz4	DEBUG	Save changes
1508342212959	DeferredSave.webext.sc.lz4	DEBUG	Save changes
1508342212961	DeferredSave.webext.sc.lz4	DEBUG	Save changes
1508342212963	DeferredSave.webext.sc.lz4	DEBUG	Save changes
1508342212964	DeferredSave.webext.sc.lz4	DEBUG	Save changes
1508342212965	DeferredSave.webext.sc.lz4	DEBUG	Save changes
1508342212969	DeferredSave.webext.sc.lz4	DEBUG	Save changes
1508342212980	DeferredSave.webext.sc.lz4	DEBUG	Save changes
1508342213004	DeferredSave.webext.sc.lz4	DEBUG	Save changes
1508342213134	addons.productaddons	INFO	sending request to: https://aus5.mozilla.org/update/3/GMP/56.0.1/20171002220106/WINNT_x86_64-msvc-x64/en-US/release/Windows_NT%206.3.0.0%20(x64)/default/default/update.xml
1508342214063	addons.productaddons	INFO	Completed downloading document
1508342214230	addons.productaddons	INFO	downloadXHR File download. status=200
1508342214237	addons.productaddons	INFO	Downloaded file will be saved to C:\Users\KRISM~1\AppData\Local\Temp\tmpaddon-f168c8
1508342215747	addons.productaddons	INFO	downloadXHR File download. status=200
1508342215750	addons.productaddons	INFO	Downloaded file will be saved to C:\Users\KRISM~1\AppData\Local\Temp\tmpaddon-49d385
1508342217898	DeferredSave.webext.sc.lz4	DEBUG	Starting write
1508342217905	DeferredSave.webext.sc.lz4	DEBUG	Write succeeded

Build info: version: '2.45.0', revision: '5017cb8e7ca8e37638dc3091b2440b90a1d8686f', time: '2015-02-27 09:10:26'
System info: host: 'Kris-Laptop', ip: '192.168.1.2', os.name: 'Windows 8.1', os.arch: 'amd64', os.version: '6.3', java.version: '1.8.0_101'
Driver info: driver.version: FirefoxDriver
	at org.openqa.selenium.firefox.internal.NewProfileExtensionConnection.start(NewProfileExtensionConnection.java:130)
	at org.openqa.selenium.firefox.FirefoxDriver.startClient(FirefoxDriver.java:246)
	at org.openqa.selenium.remote.RemoteWebDriver.<init>(RemoteWebDriver.java:114)
	at org.openqa.selenium.firefox.FirefoxDriver.<init>(FirefoxDriver.java:191)
	at org.openqa.selenium.firefox.FirefoxDriver.<init>(FirefoxDriver.java:186)
	at org.openqa.selenium.firefox.FirefoxDriver.<init>(FirefoxDriver.java:182)
	at org.openqa.selenium.firefox.FirefoxDriver.<init>(FirefoxDriver.java:95)
	at example.NewTest.beforeTest(NewTest.java:20)
	at sun.reflect.NativeMethodAccessorImpl.invoke0(Native Method)
	at sun.reflect.NativeMethodAccessorImpl.invoke(NativeMethodAccessorImpl.java:62)
	at sun.reflect.DelegatingMethodAccessorImpl.invoke(DelegatingMethodAccessorImpl.java:43)
	at java.lang.reflect.Method.invoke(Method.java:498)
	at org.testng.internal.MethodInvocationHelper.invokeMethod(MethodInvocationHelper.java:80)
	at org.testng.internal.Invoker.invokeConfigurationMethod(Invoker.java:564)
	at org.testng.internal.Invoker.invokeConfigurations(Invoker.java:213)
	at org.testng.internal.Invoker.invokeConfigurations(Invoker.java:138)
	at org.testng.TestRunner.beforeRun(TestRunner.java:641)
	at org.testng.TestRunner.run(TestRunner.java:609)
	at org.testng.SuiteRunner.runTest(SuiteRunner.java:334)
	at org.testng.SuiteRunner.runSequentially(SuiteRunner.java:329)
	at org.testng.SuiteRunner.privateRun(SuiteRunner.java:291)
	at org.testng.SuiteRunner.run(SuiteRunner.java:240)
	at org.testng.SuiteRunnerWorker.runSuite(SuiteRunnerWorker.java:52)
	at org.testng.SuiteRunnerWorker.run(SuiteRunnerWorker.java:86)
	at org.testng.TestNG.runSuitesSequentially(TestNG.java:1198)
	at org.testng.TestNG.runSuitesLocally(TestNG.java:1123)
	at org.testng.TestNG.run(TestNG.java:1031)
	at org.testng.remote.AbstractRemoteTestNG.run(AbstractRemoteTestNG.java:132)
	at org.testng.remote.RemoteTestNG.initAndRun(RemoteTestNG.java:230)
	at org.testng.remote.RemoteTestNG.main(RemoteTestNG.java:76)
Caused by: org.openqa.selenium.firefox.NotConnectedException: Unable to connect to host 127.0.0.1 on port 7055 after 45000 ms. Firefox console output:
	DEBUG	Successfully read XPI database
1508342212891	DeferredSave.webext.sc.lz4	DEBUG	Save changes
1508342212891	DeferredSave.webext.sc.lz4	DEBUG	Starting timer
1508342212909	DeferredSave.webext.sc.lz4	DEBUG	Save changes
1508342212916	DeferredSave.webext.sc.lz4	DEBUG	Save changes
1508342212917	DeferredSave.webext.sc.lz4	DEBUG	Save changes
1508342212919	DeferredSave.webext.sc.lz4	DEBUG	Save changes
1508342212921	DeferredSave.webext.sc.lz4	DEBUG	Save changes
1508342212923	DeferredSave.webext.sc.lz4	DEBUG	Save changes
1508342212924	DeferredSave.webext.sc.lz4	DEBUG	Save changes
1508342212927	DeferredSave.webext.sc.lz4	DEBUG	Save changes
1508342212929	DeferredSave.webext.sc.lz4	DEBUG	Save changes
1508342212931	DeferredSave.webext.sc.lz4	DEBUG	Save changes
1508342212932	DeferredSave.webext.sc.lz4	DEBUG	Save changes
1508342212934	DeferredSave.webext.sc.lz4	DEBUG	Save changes
1508342212934	DeferredSave.webext.sc.lz4	DEBUG	Save changes
1508342212935	DeferredSave.webext.sc.lz4	DEBUG	Save changes
1508342212936	DeferredSave.webext.sc.lz4	DEBUG	Save changes
1508342212938	DeferredSave.webext.sc.lz4	DEBUG	Save changes
1508342212939	DeferredSave.webext.sc.lz4	DEBUG	Save changes
1508342212940	DeferredSave.webext.sc.lz4	DEBUG	Save changes
1508342212940	DeferredSave.webext.sc.lz4	DEBUG	Save changes
1508342212941	DeferredSave.webext.sc.lz4	DEBUG	Save changes
1508342212942	DeferredSave.webext.sc.lz4	DEBUG	Save changes
1508342212944	DeferredSave.webext.sc.lz4	DEBUG	Save changes
1508342212945	DeferredSave.webext.sc.lz4	DEBUG	Save changes
1508342212946	DeferredSave.webext.sc.lz4	DEBUG	Save changes
1508342212947	DeferredSave.webext.sc.lz4	DEBUG	Save changes
1508342212947	DeferredSave.webext.sc.lz4	DEBUG	Save changes
1508342212948	DeferredSave.webext.sc.lz4	DEBUG	Save changes
1508342212948	DeferredSave.webext.sc.lz4	DEBUG	Save changes
1508342212949	DeferredSave.webext.sc.lz4	DEBUG	Save changes
1508342212950	DeferredSave.webext.sc.lz4	DEBUG	Save changes
1508342212951	DeferredSave.webext.sc.lz4	DEBUG	Save changes
1508342212951	DeferredSave.webext.sc.lz4	DEBUG	Save changes
1508342212952	DeferredSave.webext.sc.lz4	DEBUG	Save changes
1508342212953	DeferredSave.webext.sc.lz4	DEBUG	Save changes
1508342212953	DeferredSave.webext.sc.lz4	DEBUG	Save changes
1508342212954	DeferredSave.webext.sc.lz4	DEBUG	Save changes
1508342212955	DeferredSave.webext.sc.lz4	DEBUG	Save changes
1508342212955	DeferredSave.webext.sc.lz4	DEBUG	Save changes
1508342212956	DeferredSave.webext.sc.lz4	DEBUG	Save changes
1508342212957	DeferredSave.webext.sc.lz4	DEBUG	Save changes
1508342212957	DeferredSave.webext.sc.lz4	DEBUG	Save changes
1508342212958	DeferredSave.webext.sc.lz4	DEBUG	Save changes
1508342212959	DeferredSave.webext.sc.lz4	DEBUG	Save changes
1508342212959	DeferredSave.webext.sc.lz4	DEBUG	Save changes
1508342212961	DeferredSave.webext.sc.lz4	DEBUG	Save changes
1508342212963	DeferredSave.webext.sc.lz4	DEBUG	Save changes
1508342212964	DeferredSave.webext.sc.lz4	DEBUG	Save changes
1508342212965	DeferredSave.webext.sc.lz4	DEBUG	Save changes
1508342212969	DeferredSave.webext.sc.lz4	DEBUG	Save changes
1508342212980	DeferredSave.webext.sc.lz4	DEBUG	Save changes
1508342213004	DeferredSave.webext.sc.lz4	DEBUG	Save changes
1508342213134	addons.productaddons	INFO	sending request to: https://aus5.mozilla.org/update/3/GMP/56.0.1/20171002220106/WINNT_x86_64-msvc-x64/en-US/release/Windows_NT%206.3.0.0%20(x64)/default/default/update.xml
1508342214063	addons.productaddons	INFO	Completed downloading document
1508342214230	addons.productaddons	INFO	downloadXHR File download. status=200
1508342214237	addons.productaddons	INFO	Downloaded file will be saved to C:\Users\KRISM~1\AppData\Local\Temp\tmpaddon-f168c8
1508342215747	addons.productaddons	INFO	downloadXHR File download. status=200
1508342215750	addons.productaddons	INFO	Downloaded file will be saved to C:\Users\KRISM~1\AppData\Local\Temp\tmpaddon-49d385
1508342217898	DeferredSave.webext.sc.lz4	DEBUG	Starting write
1508342217905	DeferredSave.webext.sc.lz4	DEBUG	Write succeeded

	at org.openqa.selenium.firefox.internal.NewProfileExtensionConnection.start(NewProfileExtensionConnection.java:118)
	... 29 more
]]>
    </failure>
  </testcase> <!-- testEasy -->
</testsuite> <!-- example.NewTest -->
